<?xml version="1.0" encoding="UTF-8"?>
<!-- Generated by org.testng.reporters.JUnitReportReporter -->
<testsuite hostname="DESKTOP-HIN4ESK" failures="0" tests="4" name="tests.logintest" time="22.003" errors="0" timestamp="2024-08-15T20:28:12 IST" skipped="0">
  <testcase classname="tests.logintest" name="logintesth" time="4.193"/>
  <system-out/>
  <testcase classname="tests.logintest" name="logintesth" time="8.039"/>
  <system-out/>
  <testcase classname="tests.logintest" name="logintesth" time="5.354"/>
  <system-out/>
  <testcase classname="tests.logintest" name="logintesth" time="4.417"/>
  <system-out/>
</testsuite> <!-- tests.logintest -->
