<?xml version="1.0" encoding="UTF-8"?>
<!-- Generated by org.testng.reporters.JUnitReportReporter -->
<testsuite hostname="DESKTOP-HIN4ESK" failures="0" tests="6" name="tests.hometest" time="26.571" errors="0" timestamp="2024-08-14T18:30:11 IST" skipped="0">
  <testcase classname="tests.hometest" name="Contacttest" time="3.736"/>
  <system-out/>
  <testcase classname="tests.hometest" name="carttest" time="4.711"/>
  <system-out/>
  <testcase classname="tests.hometest" name="abouttest" time="4.881"/>
  <system-out/>
  <testcase classname="tests.hometest" name="homelogin" time="5.322"/>
  <system-out/>
  <testcase classname="tests.hometest" name="hometesting" time="4.324"/>
  <system-out/>
  <testcase classname="tests.hometest" name="hometest" time="3.597"/>
  <system-out/>
</testsuite> <!-- tests.hometest -->
