<?xml version="1.0" encoding="UTF-8"?>
<!-- Generated by org.testng.reporters.JUnitReportReporter -->
<testsuite hostname="DESKTOP-HIN4ESK" failures="0" tests="4" name="tests.signuptest" time="18.096" errors="0" timestamp="2024-08-15T20:28:12 IST" skipped="0">
  <testcase classname="tests.signuptest" name="signuptesth" time="3.757"/>
  <system-out/>
  <testcase classname="tests.signuptest" name="signuptesth" time="5.181"/>
  <system-out/>
  <testcase classname="tests.signuptest" name="signuptesth" time="4.379"/>
  <system-out/>
  <testcase classname="tests.signuptest" name="signuptesth" time="4.779"/>
  <system-out/>
</testsuite> <!-- tests.signuptest -->
